C51 COMPILER V9.50a   HEXTOASCII                                                           12/12/2012 13:56:51 PAGE 1   


C51 COMPILER V9.50a, COMPILATION OF MODULE HEXTOASCII
OBJECT MODULE PLACED IN HextoAscii.OBJ
COMPILER INVOKED BY: C:\Keil\C51\BIN\C51.EXE HextoAscii.c BROWSE DEBUG OBJECTEXTEND

line level    source

   1          #include "LIBRERIA.H"
   2          
   3          int HextoInt (char a)
   4          {
   5   1         int aux = 0;
   6   1         char buf [4];
   7   1      
   8   1            buf [0] = ((a % 10));
   9   1                a /= 10;                                 
  10   1                buf [1] = ((a % 10)*10);
  11   1                a /= 10;                              
  12   1                buf [2] = (a*100);    
  13   1                buf [3] = buf [0] + buf [1] + buf [2]; 
  14   1                aux = buf [3];
  15   1      
  16   1               return aux;
  17   1      
  18   1      }


MODULE INFORMATION:   STATIC OVERLAYABLE
   CODE SIZE        =     63    ----
   CONSTANT SIZE    =   ----    ----
   XDATA SIZE       =   ----    ----
   PDATA SIZE       =   ----    ----
   DATA SIZE        =   ----       4
   IDATA SIZE       =   ----    ----
   BIT SIZE         =   ----    ----
END OF MODULE INFORMATION.


C51 COMPILATION COMPLETE.  0 WARNING(S),  0 ERROR(S)
