C51 COMPILER V9.50a   ISR_TIMER2                                                           12/12/2012 13:56:50 PAGE 1   


C51 COMPILER V9.50a, COMPILATION OF MODULE ISR_TIMER2
OBJECT MODULE PLACED IN isr_timer2.OBJ
COMPILER INVOKED BY: C:\Keil\C51\BIN\C51.EXE isr_timer2.c BROWSE DEBUG OBJECTEXTEND

line level    source

   1          #include "libreria.h"
   2          
   3          //!< no entra a la interrucion; el timer 2 esta siempre encencido
   4          //!< pero no genera interrupciones
   5          
   6          sfr16 T2 = 0xCC;                        //!< cuentas del timer 2
   7          
   8          void isr_timer2 () interrupt 5
   9          {
  10   1       EA = OFF;                                      //!< deshabilito las interrupciones
  11   1       TF2 = OFF;                                     //!< borro el flag del timer 2
  12   1       T2 = 0;                                                //!< reinicio la cuenta del timer 2
  13   1       EA = ON;                                               //!< habilito las interrupciones
  14   1      }


MODULE INFORMATION:   STATIC OVERLAYABLE
   CODE SIZE        =     16    ----
   CONSTANT SIZE    =   ----    ----
   XDATA SIZE       =   ----    ----
   PDATA SIZE       =   ----    ----
   DATA SIZE        =   ----    ----
   IDATA SIZE       =   ----    ----
   BIT SIZE         =   ----    ----
END OF MODULE INFORMATION.


C51 COMPILATION COMPLETE.  0 WARNING(S),  0 ERROR(S)
