C51 COMPILER V9.50a   ISR_TIMER0                                                           12/12/2012 13:56:50 PAGE 1   


C51 COMPILER V9.50a, COMPILATION OF MODULE ISR_TIMER0
OBJECT MODULE PLACED IN isr_timer0.OBJ
COMPILER INVOKED BY: C:\Keil\C51\BIN\C51.EXE isr_timer0.c BROWSE DEBUG OBJECTEXTEND

line level    source

   1          #include "libreria.h"
   2          
   3          extern U8 tick_muestra;
   4          U8      mis_segundos = 10;
   5          
   6          void isr_timer0 () interrupt 1 
   7          {
   8   1        
   9   1      /*-     if(flag_muestra_1s == ON)                                       //!< pregunto si pasó 1 segundo
  10   1              {
  11   1                      flag_muestra_1s_on();                                   //!< activo el timer de 1 segundo
  12   1                      mis_segundos--;                                 //!< decremento mis segundos
  13   1                      if(mis_segundos == 0)
  14   1                      {
  15   1                              ticks_muestras++;                       //!< incremento ticks_muestras
  16   1                              //mis_segundos = 50;            //!< reinicio mis segundos valor posta
  17   1                              mis_segundos = 10;
  18   1                      }
  19   1              }-*/
  20   1        mdt();
  21   1        TL0 = t_100us_l + TL0;
  22   1        TH0 = t_100us_h;      
  23   1      }


MODULE INFORMATION:   STATIC OVERLAYABLE
   CODE SIZE        =     68    ----
   CONSTANT SIZE    =   ----    ----
   XDATA SIZE       =   ----    ----
   PDATA SIZE       =   ----    ----
   DATA SIZE        =      1    ----
   IDATA SIZE       =   ----    ----
   BIT SIZE         =   ----    ----
END OF MODULE INFORMATION.


C51 COMPILATION COMPLETE.  0 WARNING(S),  0 ERROR(S)
