C51 COMPILER V9.50a   MDT                                                                  12/12/2012 13:56:50 PAGE 1   


C51 COMPILER V9.50a, COMPILATION OF MODULE MDT
OBJECT MODULE PLACED IN mdt.OBJ
COMPILER INVOKED BY: C:\Keil\C51\BIN\C51.EXE mdt.c BROWSE DEBUG OBJECTEXTEND

line level    source

   1          #include "libreria.h"
   2          
   3          //--- ON = el timer esta encendido ( esta contando )
   4          //--- OFF = el timer esta apagado       ( no cuenta )
   5          
   6          extern U8 tick_muestra; //!< definida en main.c
   7          
   8          U16  AUX[10] = {0,0,0,0,0,0,0,0,0,0};
   9          
  10          bit timer_2500us = OFF;
  11          bit timer_5ms = OFF;
  12          bit timer_1s = OFF;
  13          bit timer_5s = OFF; 
  14          bit timer_10s = OFF;
  15          bit timer_1min = OFF;
  16          
  17          void mdt ()
  18          {
  19   1      if (AUX[0]){AUX[0]--;}
  20   1              else {timer_2500us = OFF;}
  21   1      if (AUX[1]){AUX[1]--;}
  22   1              else {timer_5ms = OFF;}
  23   1      if (AUX[2]){AUX[2]--;}
  24   1              else {timer_1s = OFF;}
  25   1      if (AUX[3]){AUX[3]--;}
  26   1              else {timer_5s = OFF;}
  27   1      if (AUX[4])
  28   1              {
  29   2                      if(AUX[5]){AUX[5]--;}
  30   2                      else
  31   2                      {
  32   3                              AUX[5] = 50000;
  33   3                              AUX[4]--;
  34   3                      }
  35   2              }
  36   1              else {timer_10s = OFF;}
  37   1      if (AUX[6])
  38   1              {
  39   2                      if(AUX[7]){AUX[7]--;}
  40   2                      else
  41   2                      {
  42   3                              AUX[7] = 50000;
  43   3                              AUX[6]--;
  44   3                      }
  45   2              }
  46   1              else {timer_1min = OFF;}
  47   1      if (AUX[8])
  48   1              {
  49   2                      if(AUX[9]){AUX[9]--;}
  50   2                      else
  51   2                      {
  52   3                              AUX[9] = 50000;
  53   3                              AUX[8]--;
  54   3                      }
  55   2              }
C51 COMPILER V9.50a   MDT                                                                  12/12/2012 13:56:50 PAGE 2   

  56   1              else {
  57   2                      timer_tick_muestra_on;
  58   2                      tick_muestra++;
  59   2                      }
  60   1                      
  61   1      /*-if (AUX[6]){AUX[6]--;}
  62   1              else {timer_1s = OFF;}
  63   1      if (AUX[7]){AUX[7]--;}
  64   1              else {timer_1s_muestra = OFF;}
  65   1      if (AUX[8]){AUX[8]--;}
  66   1              else {timer_5s = OFF;}
  67   1      -*/
  68   1      }
  69          


MODULE INFORMATION:   STATIC OVERLAYABLE
   CODE SIZE        =    203    ----
   CONSTANT SIZE    =   ----    ----
   XDATA SIZE       =   ----    ----
   PDATA SIZE       =   ----    ----
   DATA SIZE        =     20    ----
   IDATA SIZE       =   ----    ----
   BIT SIZE         =      6    ----
END OF MODULE INFORMATION.


C51 COMPILATION COMPLETE.  0 WARNING(S),  0 ERROR(S)
